3/22/2021, 10:27:21 AM - INFO - Server is running on port: 3030 
3/22/2021, 10:31:03 AM - INFO - Server is running on port: 3030 
3/22/2021, 10:31:13 AM - ERROR - Failed to get gigs | {} (sid: LaboBNJluKSGb5V3UXchELxmdkeKQA4K)
3/22/2021, 10:33:15 AM - INFO - Server is running on port: 3030 
3/22/2021, 10:33:20 AM - ERROR - Failed to get gigs | {} (sid: rpUNkorpD5xf9ZXhM0IpyX5RJ8s3KuRK)
3/22/2021, 10:33:43 AM - INFO - Server is running on port: 3030 
3/22/2021, 10:33:53 AM - INFO - Server is running on port: 3030 
3/22/2021, 10:33:56 AM - ERROR - Failed to get gigs | {} (sid: HH4G9-6RQQQsL8onO7njpBEuKgSWNxl3)
3/22/2021, 10:34:52 AM - INFO - Server is running on port: 3030 
3/22/2021, 10:34:56 AM - INFO - Server is running on port: 3030 
3/22/2021, 10:34:59 AM - ERROR - Failed to get gigs | {} (sid: Rfcvfc7HaUZYpT1XX_jtLrTw374mKxZ-)
3/22/2021, 10:35:18 AM - INFO - Server is running on port: 3030 
3/22/2021, 10:44:26 AM - INFO - Server is running on port: 3030 
3/22/2021, 10:44:43 AM - INFO - Server is running on port: 3030 
3/22/2021, 10:46:25 AM - INFO - Server is running on port: 3030 
3/22/2021, 10:47:11 AM - INFO - Server is running on port: 3030 
3/22/2021, 10:47:49 AM - INFO - Server is running on port: 3030 
3/22/2021, 10:49:16 AM - INFO - Server is running on port: 3030 
3/22/2021, 10:49:40 AM - INFO - Server is running on port: 3030 
3/22/2021, 10:52:03 AM - INFO - Server is running on port: 3030 
3/22/2021, 10:52:07 AM - INFO - Server is running on port: 3030 
3/22/2021, 10:56:06 AM - INFO - Server is running on port: 3030 
3/22/2021, 11:00:28 AM - INFO - Server is running on port: 3030 
3/22/2021, 11:00:46 AM - INFO - Server is running on port: 3030 
3/22/2021, 11:00:54 AM - INFO - Server is running on port: 3030 
3/22/2021, 11:01:00 AM - INFO - Server is running on port: 3030 
3/22/2021, 11:01:19 AM - INFO - Server is running on port: 3030 
3/22/2021, 11:01:33 AM - INFO - Server is running on port: 3030 
3/22/2021, 11:01:45 AM - INFO - Server is running on port: 3030 
3/22/2021, 11:20:28 AM - INFO - Server is running on port: 3030 
3/22/2021, 11:20:42 AM - INFO - Server is running on port: 3030 
3/22/2021, 11:20:47 AM - INFO - Server is running on port: 3030 
3/22/2021, 11:46:53 AM - INFO - Server is running on port: 3030 
3/22/2021, 11:49:52 AM - INFO - Server is running on port: 3030 
3/22/2021, 11:50:36 AM - INFO - Server is running on port: 3030 
3/22/2021, 11:51:05 AM - INFO - Server is running on port: 3030 
3/22/2021, 11:51:36 AM - INFO - Server is running on port: 3030 
3/22/2021, 11:51:51 AM - INFO - Server is running on port: 3030 
3/22/2021, 11:57:48 AM - INFO - Server is running on port: 3030 
3/22/2021, 12:02:05 PM - INFO - Server is running on port: 3030 
3/22/2021, 12:03:37 PM - INFO - Server is running on port: 3030 
3/22/2021, 12:03:43 PM - INFO - Server is running on port: 3030 
3/22/2021, 12:53:38 PM - INFO - Server is running on port: 3030 
3/22/2021, 12:54:01 PM - INFO - Server is running on port: 3030 
3/22/2021, 12:55:31 PM - INFO - Server is running on port: 3030 
3/22/2021, 12:55:47 PM - INFO - Server is running on port: 3030 
3/22/2021, 12:55:57 PM - INFO - Server is running on port: 3030 
3/22/2021, 12:56:08 PM - ERROR - Failed to add gig | {} (sid: ns5oqB_1ipxUKgh8bK7WgytfEOvVHau6)
3/22/2021, 12:57:03 PM - INFO - Server is running on port: 3030 
3/22/2021, 12:57:16 PM - ERROR - Failed to add gig | {} (sid: I_X4kJ13XE9SjzkC18cT_W5ky6HSRzRO)
3/22/2021, 12:57:43 PM - INFO - Server is running on port: 3030 
3/22/2021, 12:57:51 PM - INFO - Server is running on port: 3030 
3/22/2021, 12:58:43 PM - INFO - Server is running on port: 3030 
3/22/2021, 12:59:52 PM - INFO - Server is running on port: 3030 
3/22/2021, 1:00:04 PM - ERROR - Failed to add gig | {} (sid: KGwM7psTDlBXToHuZm52_S7TyLwNhRKC)
3/22/2021, 1:00:31 PM - INFO - Server is running on port: 3030 
3/22/2021, 1:01:25 PM - INFO - Server is running on port: 3030 
3/22/2021, 1:01:49 PM - INFO - Server is running on port: 3030 
3/22/2021, 1:01:51 PM - INFO - Server is running on port: 3030 
3/22/2021, 2:53:34 PM - INFO - Server is running on port: 3030 
3/22/2021, 2:55:45 PM - INFO - Server is running on port: 3031 
3/22/2021, 2:56:19 PM - INFO - Server is running on port: 3031 
3/22/2021, 2:56:20 PM - INFO - Server is running on port: 3031 
3/22/2021, 2:56:29 PM - INFO - Server is running on port: 3031 
3/22/2021, 3:49:38 PM - INFO - Server is running on port: 3031 
3/22/2021, 3:50:09 PM - INFO - Server is running on port: 3031 
3/22/2021, 3:50:20 PM - INFO - Server is running on port: 3031 
3/22/2021, 3:50:26 PM - INFO - Server is running on port: 3031 
3/22/2021, 3:50:32 PM - INFO - Server is running on port: 3031 
3/22/2021, 3:50:33 PM - INFO - Server is running on port: 3031 
3/22/2021, 3:51:00 PM - INFO - Server is running on port: 3031 
3/22/2021, 3:51:15 PM - INFO - Server is running on port: 3031 
3/22/2021, 3:53:40 PM - INFO - Server is running on port: 3031 
3/22/2021, 3:53:52 PM - INFO - Server is running on port: 3031 
3/22/2021, 3:54:05 PM - INFO - Server is running on port: 3031 
3/22/2021, 3:54:14 PM - INFO - Server is running on port: 3031 
3/22/2021, 3:54:17 PM - INFO - Server is running on port: 3031 
3/22/2021, 3:54:21 PM - INFO - Server is running on port: 3031 
3/22/2021, 3:54:23 PM - INFO - Server is running on port: 3031 
3/22/2021, 3:54:32 PM - INFO - Server is running on port: 3031 
3/22/2021, 3:54:35 PM - INFO - Server is running on port: 3031 
3/22/2021, 3:55:15 PM - INFO - Server is running on port: 3031 
3/22/2021, 3:55:18 PM - INFO - Server is running on port: 3031 
3/22/2021, 3:55:30 PM - INFO - Server is running on port: 3031 
3/22/2021, 3:59:31 PM - INFO - Server is running on port: 3031 
3/22/2021, 3:59:44 PM - INFO - Server is running on port: 3031 
3/22/2021, 3:59:52 PM - INFO - Server is running on port: 3031 
3/22/2021, 4:00:16 PM - INFO - Server is running on port: 3031 
3/22/2021, 4:01:27 PM - INFO - Server is running on port: 3031 
3/22/2021, 4:01:34 PM - INFO - Server is running on port: 3031 
3/22/2021, 4:08:14 PM - INFO - Server is running on port: 3031 
3/22/2021, 4:28:37 PM - INFO - Server is running on port: 3031 
3/22/2021, 4:28:58 PM - INFO - Server is running on port: 3031 
3/22/2021, 4:29:52 PM - INFO - Server is running on port: 3031 
3/22/2021, 4:55:40 PM - INFO - Server is running on port: 3031 
3/22/2021, 5:08:42 PM - INFO - Server is running on port: 3031 
3/22/2021, 5:09:04 PM - INFO - Server is running on port: 3031 
3/22/2021, 5:10:12 PM - INFO - Server is running on port: 3031 
3/22/2021, 5:12:33 PM - INFO - Server is running on port: 3031 
3/22/2021, 5:15:56 PM - INFO - Server is running on port: 3031 
3/22/2021, 5:17:39 PM - INFO - Server is running on port: 3031 
3/22/2021, 5:18:46 PM - INFO - Server is running on port: 3031 
3/22/2021, 5:19:04 PM - INFO - Server is running on port: 3031 
3/22/2021, 5:19:19 PM - INFO - Server is running on port: 3031 
3/22/2021, 5:19:27 PM - INFO - Server is running on port: 3031 
3/22/2021, 5:19:41 PM - INFO - Server is running on port: 3031 
3/22/2021, 5:20:00 PM - INFO - Server is running on port: 3031 
3/22/2021, 5:20:26 PM - INFO - Server is running on port: 3031 
3/22/2021, 5:21:13 PM - INFO - Server is running on port: 3031 
3/22/2021, 5:21:20 PM - INFO - Server is running on port: 3031 
3/22/2021, 5:23:34 PM - INFO - Server is running on port: 3031 
